#
# A fatal error has been detected by the Java Runtime Environment:
#
#  EXCEPTION_ACCESS_VIOLATION (0xc0000005) at pc=0x000000000c1617c0, pid=6192, tid=7128
#
# JRE version: 7.0_11-b21
# Java VM: Java HotSpot(TM) 64-Bit Server VM (23.6-b04 mixed mode windows-amd64 compressed oops)
# Problematic frame:
# C  [OpenAL64.dll+0x117c0]  alcRenderSamplesSOFT+0x4fc
#
# Failed to write core dump. Minidumps are not enabled by default on client versions of Windows
#
# If you would like to submit a bug report, please visit:
#   http://bugreport.sun.com/bugreport/crash.jsp
# The crash happened outside the Java Virtual Machine in native code.
# See problematic frame for where to report the bug.
#

---------------  T H R E A D  ---------------

Current thread (0x00000000098f9800):  JavaThread "AWT-EventQueue-0" [_thread_in_native, id=7128, stack(0x000000000a2e0000,0x000000000a3e0000)]

siginfo: ExceptionCode=0xc0000005, reading address 0x0000000009a59004

Registers:
RAX=0x0000000000000004, RBX=0x000000000c590080, RCX=0x000000000c590080, RDX=0x0000000009a544fc
RSP=0x000000000a3ddc00, RBP=0x00000000000000ff, RSI=0x0000000000001f40, RDI=0x0000000009a544fc
R8 =0x0000000009a59008, R9 =0x0000000009a59004, R10=0x00000000000012c2, R11=0x00000000580f2070
R12=0x0000000000000001, R13=0x0000000000001501, R14=0x0000000000001402, R15=0x0000000000000000
RIP=0x000000000c1617c0, EFLAGS=0x0000000000010202

Top of Stack: (sp=0x000000000a3ddc00)
0x000000000a3ddc00:   0000000000000000 0000000000000000
0x000000000a3ddc10:   00000000098f9800 000000000a3ddd78
0x000000000a3ddc20:   00000000bb5fb628 0000000000000000
0x000000000a3ddc30:   00000000098f9800 00000000bb02edf8
0x000000000a3ddc40:   0000000009961800 0000000057fadc66
0x000000000a3ddc50:   00000000098f9800 000000000a3ddd78
0x000000000a3ddc60:   00000000bb5fb628 0000000000000000
0x000000000a3ddc70:   0000000009a544fc 00000000bb02edf8
0x000000000a3ddc80:   000000000a3ddd40 000000000c161ddb
0x000000000a3ddc90:   000000000c590080 000000000000ac44
0x000000000a3ddca0:   0000000000000004 000000000851e868
0x000000000a3ddcb0:   0000000002226315 00000000022323a8
0x000000000a3ddcc0:   00000000bb5fb628 00000000bb5febf5
0x000000000a3ddcd0:   000000000a3ddd10 00000000bb602118
0x000000000a3ddce0:   0000000000000000 00000000bb5fec10
0x000000000a3ddcf0:   00000000098f9800 000000000a3dde00 

Instructions: (pc=0x000000000c1617c0)
0x000000000c1617a0:   ec 41 81 39 03 00 02 00 75 0a 41 8b 00 89 84 24
0x000000000c1617b0:   a0 00 00 00 49 83 c2 02 49 83 c0 08 4e 8d 0c 97
0x000000000c1617c0:   45 39 39 0f 85 35 ff ff ff 44 38 7b 06 75 2c 4c
0x000000000c1617d0:   8d 84 24 98 00 00 00 48 8d 15 5a af 02 00 33 c9 


Register to memory mapping:

RAX=0x0000000000000004 is an unknown value
RBX=0x000000000c590080 is an unknown value
RCX=0x000000000c590080 is an unknown value
RDX=0x0000000009a544fc is an unknown value
RSP=0x000000000a3ddc00 is pointing into the stack for thread: 0x00000000098f9800
RBP=0x00000000000000ff is an unknown value
RSI=0x0000000000001f40 is an unknown value
RDI=0x0000000009a544fc is an unknown value
R8 =0x0000000009a59008 is an unknown value
R9 =0x0000000009a59004 is an unknown value
R10=0x00000000000012c2 is an unknown value
R11=0x00000000580f2070 is an unknown value
R12=0x0000000000000001 is an unknown value
R13=0x0000000000001501 is an unknown value
R14=0x0000000000001402 is an unknown value
R15=0x0000000000000000 is an unknown value


Stack: [0x000000000a2e0000,0x000000000a3e0000],  sp=0x000000000a3ddc00,  free space=1015k
Native frames: (J=compiled Java code, j=interpreted, Vv=VM code, C=native code)
C  [OpenAL64.dll+0x117c0]  alcRenderSamplesSOFT+0x4fc

Java frames: (J=compiled Java code, j=interpreted, Vv=VM code)
j  org.lwjgl.openal.ALC10.nalcCreateContext(JJ)J+0
j  org.lwjgl.openal.ALC10.alcCreateContext(Lorg/lwjgl/openal/ALCdevice;Ljava/nio/IntBuffer;)Lorg/lwjgl/openal/ALCcontext;+8
j  org.lwjgl.openal.AL.init(Ljava/lang/String;IIZZ)V+69
j  org.lwjgl.openal.AL.create(Ljava/lang/String;IIZZ)V+227
j  org.lwjgl.openal.AL.create(Ljava/lang/String;IIZ)V+5
j  org.lwjgl.openal.AL.create()V+6
j  com.badlogic.gdx.backends.openal.OpenALAudio.<init>(III)V+116
j  com.badlogic.gdx.backends.jogl.JoglApplication.initialize(Lcom/badlogic/gdx/ApplicationListener;Lcom/badlogic/gdx/backends/jogl/JoglApplicationConfiguration;)V+49
j  com.badlogic.gdx.backends.jogl.JoglApplication$1.run()V+12
j  java.awt.event.InvocationEvent.dispatch()V+11
j  java.awt.EventQueue.dispatchEventImpl(Ljava/awt/AWTEvent;Ljava/lang/Object;)V+21
j  java.awt.EventQueue.access$200(Ljava/awt/EventQueue;Ljava/awt/AWTEvent;Ljava/lang/Object;)V+3
j  java.awt.EventQueue$3.run()Ljava/lang/Void;+12
j  java.awt.EventQueue$3.run()Ljava/lang/Object;+1
v  ~StubRoutines::call_stub
j  java.security.AccessController.doPrivileged(Ljava/security/PrivilegedAction;Ljava/security/AccessControlContext;)Ljava/lang/Object;+0
j  java.security.ProtectionDomain$1.doIntersectionPrivilege(Ljava/security/PrivilegedAction;Ljava/security/AccessControlContext;Ljava/security/AccessControlContext;)Ljava/lang/Object;+28
j  java.awt.EventQueue.dispatchEvent(Ljava/awt/AWTEvent;)V+46
j  java.awt.EventDispatchThread.pumpOneEventForFilters(I)V+245
j  java.awt.EventDispatchThread.pumpEventsForFilter(ILjava/awt/Conditional;Ljava/awt/EventFilter;)V+35
j  java.awt.EventDispatchThread.pumpEventsForHierarchy(ILjava/awt/Conditional;Ljava/awt/Component;)V+11
j  java.awt.EventDispatchThread.pumpEvents(ILjava/awt/Conditional;)V+4
j  java.awt.EventDispatchThread.pumpEvents(Ljava/awt/Conditional;)V+3
j  java.awt.EventDispatchThread.run()V+9
v  ~StubRoutines::call_stub

---------------  P R O C E S S  ---------------

Java Threads: ( => current thread )
=>0x00000000098f9800 JavaThread "AWT-EventQueue-0" [_thread_in_native, id=7128, stack(0x000000000a2e0000,0x000000000a3e0000)]
  0x00000000098f8800 JavaThread "AWT-Windows" daemon [_thread_in_native, id=4456, stack(0x0000000009f40000,0x000000000a040000)]
  0x0000000008502000 JavaThread "AWT-Shutdown" [_thread_blocked, id=3220, stack(0x0000000009e40000,0x0000000009f40000)]
  0x0000000009876800 JavaThread "Java2D Disposer" daemon [_thread_blocked, id=6884, stack(0x0000000009d40000,0x0000000009e40000)]
  0x00000000084ba800 JavaThread "Service Thread" daemon [_thread_blocked, id=4232, stack(0x0000000009640000,0x0000000009740000)]
  0x00000000084ba000 JavaThread "C2 CompilerThread1" daemon [_thread_blocked, id=4872, stack(0x0000000009540000,0x0000000009640000)]
  0x00000000084aa000 JavaThread "C2 CompilerThread0" daemon [_thread_blocked, id=4324, stack(0x0000000009440000,0x0000000009540000)]
  0x00000000084a8800 JavaThread "Attach Listener" daemon [_thread_blocked, id=6256, stack(0x0000000009340000,0x0000000009440000)]
  0x00000000084a5000 JavaThread "Signal Dispatcher" daemon [_thread_blocked, id=2264, stack(0x0000000009240000,0x0000000009340000)]
  0x0000000008440800 JavaThread "Finalizer" daemon [_thread_blocked, id=5632, stack(0x0000000009140000,0x0000000009240000)]
  0x0000000008438800 JavaThread "Reference Handler" daemon [_thread_blocked, id=5784, stack(0x0000000009040000,0x0000000009140000)]
  0x000000000089d800 JavaThread "main" [_thread_blocked, id=2424, stack(0x0000000002020000,0x0000000002120000)]

Other Threads:
  0x000000000842e800 VMThread [stack: 0x0000000008f40000,0x0000000009040000] [id=5004]
  0x00000000084c3800 WatcherThread [stack: 0x0000000009740000,0x0000000009840000] [id=6492]

VM state:not at safepoint (normal execution)

VM Mutex/Monitor currently owned by a thread: None

Heap
 PSYoungGen      total 19136K, used 6549K [0x00000000eaab0000, 0x00000000ec000000, 0x0000000100000000)
  eden space 16448K, 39% used [0x00000000eaab0000,0x00000000eb115690,0x00000000ebac0000)
  from space 2688K, 0% used [0x00000000ebd60000,0x00000000ebd60000,0x00000000ec000000)
  to   space 2688K, 0% used [0x00000000ebac0000,0x00000000ebac0000,0x00000000ebd60000)
 ParOldGen       total 43712K, used 0K [0x00000000c0000000, 0x00000000c2ab0000, 0x00000000eaab0000)
  object space 43712K, 0% used [0x00000000c0000000,0x00000000c0000000,0x00000000c2ab0000)
 PSPermGen       total 21248K, used 8232K [0x00000000bae00000, 0x00000000bc2c0000, 0x00000000c0000000)
  object space 21248K, 38% used [0x00000000bae00000,0x00000000bb60a258,0x00000000bc2c0000)

Card table byte_map: [0x00000000052e0000,0x0000000005510000] byte_map_base: 0x0000000004d09000

Polling page: 0x0000000000790000

Code Cache  [0x0000000002220000, 0x0000000002490000, 0x0000000005220000)
 total_blobs=498 nmethods=15 adapters=435 free_code_cache=48577Kb largest_free_block=49727936

Compilation events (10 events):
Event: 1.296 Thread 0x00000000084ba000   10             java.lang.Object::<init> (1 bytes)
Event: 1.297 Thread 0x00000000084ba000 nmethod 10 0x000000000228cc10 code [0x000000000228cd40, 0x000000000228cdb8]
Event: 1.344 Thread 0x00000000084ba000   11             java.lang.String::startsWith (72 bytes)
Event: 1.347 Thread 0x00000000084ba000 nmethod 11 0x0000000002291250 code [0x00000000022913a0, 0x0000000002291538]
Event: 1.672 Thread 0x00000000084aa000   12             sun.net.www.ParseUtil::encodePath (336 bytes)
Event: 1.705 Thread 0x00000000084aa000 nmethod 12 0x00000000022afb50 code [0x00000000022afd80, 0x00000000022b0dd8]
Event: 1.739 Thread 0x00000000084ba000   14             java.io.Win32FileSystem::normalize (143 bytes)
Event: 1.744 Thread 0x00000000084ba000 nmethod 14 0x00000000022b1810 code [0x00000000022b1980, 0x00000000022b1c70]
Event: 1.839 Thread 0x00000000084aa000   15             java.lang.String::length (6 bytes)
Event: 1.840 Thread 0x00000000084aa000 nmethod 15 0x00000000022ac750 code [0x00000000022ac880, 0x00000000022ac8d8]

GC Heap History (0 events):
No events

Deoptimization events (2 events):
Event: 0.721 Thread 0x000000000089d800 Uncommon trap -34 fr.pc 0x0000000002280198
Event: 1.746 Thread 0x00000000098f9800 Uncommon trap -12 fr.pc 0x00000000022837cc

Internal exceptions (10 events):
Event: 1.835 Thread 0x00000000098f9800 Threw 0x00000000eb0c3a40 at C:\jdk7u1_64p\jdk7u11\hotspot\src\share\vm\prims\jvm.cpp:1166
Event: 1.837 Thread 0x00000000098f9800 Threw 0x00000000eb0c9d98 at C:\jdk7u1_64p\jdk7u11\hotspot\src\share\vm\prims\jvm.cpp:1166
Event: 1.839 Thread 0x00000000098f9800 Threw 0x00000000eb0d3630 at C:\jdk7u1_64p\jdk7u11\hotspot\src\share\vm\prims\jvm.cpp:1166
Event: 1.840 Thread 0x00000000098f9800 Threw 0x00000000eb0d6188 at C:\jdk7u1_64p\jdk7u11\hotspot\src\share\vm\prims\jvm.cpp:1166
Event: 1.842 Thread 0x00000000098f9800 Threw 0x00000000eb0dbff8 at C:\jdk7u1_64p\jdk7u11\hotspot\src\share\vm\prims\jvm.cpp:1166
Event: 1.843 Thread 0x00000000098f9800 Threw 0x00000000eb0de830 at C:\jdk7u1_64p\jdk7u11\hotspot\src\share\vm\prims\jvm.cpp:1166
Event: 1.857 Thread 0x00000000098f9800 Threw 0x00000000eb0e22a8 at C:\jdk7u1_64p\jdk7u11\hotspot\src\share\vm\prims\jvm.cpp:1166
Event: 1.859 Thread 0x00000000098f9800 Threw 0x00000000eb0e5898 at C:\jdk7u1_64p\jdk7u11\hotspot\src\share\vm\prims\jvm.cpp:1166
Event: 1.860 Thread 0x00000000098f9800 Threw 0x00000000eb0e89c0 at C:\jdk7u1_64p\jdk7u11\hotspot\src\share\vm\prims\jvm.cpp:1166
Event: 1.861 Thread 0x00000000098f9800 Threw 0x00000000eb0ebc50 at C:\jdk7u1_64p\jdk7u11\hotspot\src\share\vm\prims\jvm.cpp:1166

Events (10 events):
Event: 1.857 loading class 0x0000000009a547b0
Event: 1.857 loading class 0x0000000009a547b0 done
Event: 1.858 loading class 0x0000000009a51750
Event: 1.858 loading class 0x0000000009a51750 done
Event: 1.859 loading class 0x00000000084a1490
Event: 1.860 loading class 0x00000000084a1490 done
Event: 1.860 loading class 0x0000000009a54720
Event: 1.860 loading class 0x0000000009a54720 done
Event: 1.861 loading class 0x0000000009aee010
Event: 1.861 loading class 0x0000000009aee010 done


Dynamic libraries:
0x000007f6abb00000 - 0x000007f6abb33000 	C:\Program Files\Java\jre7\bin\javaw.exe
0x000007fddaf50000 - 0x000007fddb10e000 	C:\WINDOWS\SYSTEM32\ntdll.dll
0x0000000059380000 - 0x00000000593ca000 	C:\Program Files\AVAST Software\Avast\snxhk64.dll
0x000007fdd8cb0000 - 0x000007fdd8de6000 	C:\WINDOWS\system32\KERNEL32.dll
0x000007fdd7f50000 - 0x000007fdd8043000 	C:\WINDOWS\system32\KERNELBASE.dll
0x000007fddac10000 - 0x000007fddacee000 	C:\WINDOWS\system32\ADVAPI32.dll
0x000007fdda830000 - 0x000007fdda97c000 	C:\WINDOWS\system32\USER32.dll
0x000007fdd5f40000 - 0x000007fdd61a9000 	C:\WINDOWS\WinSxS\amd64_microsoft.windows.common-controls_6595b64144ccf1df_6.0.9200.16384_none_418c2a697189c07f\COMCTL32.dll
0x000007fdd8990000 - 0x000007fdd8a35000 	C:\WINDOWS\system32\msvcrt.dll
0x000007fdda0e0000 - 0x000007fdda128000 	C:\WINDOWS\SYSTEM32\sechost.dll
0x000007fdda290000 - 0x000007fdda3d0000 	C:\WINDOWS\system32\RPCRT4.dll
0x000007fddadb0000 - 0x000007fddaef0000 	C:\WINDOWS\system32\GDI32.dll
0x000007fdda7f0000 - 0x000007fdda829000 	C:\WINDOWS\system32\IMM32.DLL
0x000007fdd8870000 - 0x000007fdd8984000 	C:\WINDOWS\system32\MSCTF.dll
0x0000000058650000 - 0x0000000058721000 	C:\Program Files\Java\jre7\bin\msvcr100.dll
0x0000000057f30000 - 0x000000005864f000 	C:\Program Files\Java\jre7\bin\server\jvm.dll
0x000007fdcc640000 - 0x000007fdcc649000 	C:\WINDOWS\SYSTEM32\WSOCK32.dll
0x000007fdd61b0000 - 0x000007fdd61d0000 	C:\WINDOWS\SYSTEM32\WINMM.dll
0x000007fdd8a40000 - 0x000007fdd8a47000 	C:\WINDOWS\system32\PSAPI.DLL
0x000007fdd8c00000 - 0x000007fdd8c58000 	C:\WINDOWS\system32\WS2_32.dll
0x000007fdd5d50000 - 0x000007fdd5d82000 	C:\WINDOWS\SYSTEM32\WINMMBASE.dll
0x000007fdda980000 - 0x000007fdda989000 	C:\WINDOWS\system32\NSI.dll
0x0000000059150000 - 0x000000005915f000 	C:\Program Files\Java\jre7\bin\verify.dll
0x0000000059120000 - 0x0000000059148000 	C:\Program Files\Java\jre7\bin\java.dll
0x0000000059100000 - 0x0000000059115000 	C:\Program Files\Java\jre7\bin\zip.dll
0x0000000057d70000 - 0x0000000057f03000 	C:\Program Files\Java\jre7\bin\awt.dll
0x000007fdda990000 - 0x000007fddaa53000 	C:\WINDOWS\system32\OLEAUT32.dll
0x000007fddaa60000 - 0x000007fddac10000 	C:\WINDOWS\system32\combase.dll
0x000007fdd22f0000 - 0x000007fdd238f000 	C:\WINDOWS\system32\apphelp.dll
0x000007fdd6c80000 - 0x000007fdd6d63000 	C:\WINDOWS\system32\uxtheme.dll
0x0000004500000000 - 0x0000004500017000 	C:\Program Files (x86)\TeamViewer\Version7\tv_x64.dll
0x000007fdd8df0000 - 0x000007fdda0d5000 	C:\WINDOWS\system32\SHELL32.dll
0x000007fdda600000 - 0x000007fdda77e000 	C:\WINDOWS\system32\ole32.dll
0x000007fdd8c60000 - 0x000007fdd8cb0000 	C:\WINDOWS\system32\SHLWAPI.dll
0x000007fdd6400000 - 0x000007fdd6421000 	C:\WINDOWS\SYSTEM32\dwmapi.dll
0x000007fdd7cc0000 - 0x000007fdd7cca000 	C:\WINDOWS\SYSTEM32\CRYPTBASE.dll
0x000007fdd7c60000 - 0x000007fdd7cbc000 	C:\WINDOWS\SYSTEM32\bcryptPrimitives.dll
0x000000006b980000 - 0x000000006ba52000 	C:\Users\Diego\AppData\Local\Temp\libgdxDiego\553733341\gdx64.dll
0x0000000058ba0000 - 0x0000000058ba7000 	C:\Program Files\Java\jre7\bin\jawt.dll
0x0000000010000000 - 0x0000000010007000 	C:\Users\Diego\AppData\Local\Temp\libgdxDiego\553733341\gluegen-rt-win64.dll
0x0000000058ad0000 - 0x0000000058b99000 	C:\WINDOWS\WinSxS\amd64_microsoft.vc80.crt_1fc8b3b9a1e18e3b_8.0.50727.6910_none_88dc8c812fb1ba3f\MSVCR80.dll
0x0000000000880000 - 0x0000000000887000 	C:\Users\Diego\AppData\Local\Temp\libgdxDiego\553733341\jogl_awt-win64.dll
0x000000000a3e0000 - 0x000000000a43a000 	C:\Users\Diego\AppData\Local\Temp\libgdxDiego\553733341\jogl-win64.dll
0x000007fdcea70000 - 0x000007fdceb8f000 	C:\WINDOWS\SYSTEM32\OPENGL32.dll
0x000007fdd23c0000 - 0x000007fdd23ec000 	C:\WINDOWS\SYSTEM32\GLU32.dll
0x000007fdcb600000 - 0x000007fdcb6ea000 	C:\WINDOWS\SYSTEM32\DDRAW.dll
0x000007fdd4e80000 - 0x000007fdd4e88000 	C:\WINDOWS\SYSTEM32\DCIMAN32.dll
0x000007fdc4d20000 - 0x000007fdc4f20000 	C:\WINDOWS\system32\d3d9.dll
0x000007fdd5890000 - 0x000007fdd5899000 	C:\WINDOWS\SYSTEM32\VERSION.dll
0x000007fdbd4b0000 - 0x000007fdbe5e7000 	C:\WINDOWS\SYSTEM32\nvd3dumx.dll
0x000007fdd7e20000 - 0x000007fdd7e63000 	C:\WINDOWS\SYSTEM32\powrprof.dll
0x0000000180000000 - 0x0000000180139000 	C:\Program Files (x86)\NVIDIA Corporation\3D Vision\nvSCPAPI64.dll
0x000007fdd86a0000 - 0x000007fdd8870000 	C:\WINDOWS\system32\SETUPAPI.dll
0x000007fdd8050000 - 0x000007fdd809f000 	C:\WINDOWS\system32\CFGMGR32.dll
0x000007fdd8390000 - 0x000007fdd83b2000 	C:\WINDOWS\system32\DEVOBJ.dll
0x000000000b880000 - 0x000000000b8cf000 	C:\Users\Diego\AppData\Local\Temp\libgdxDiego\553733341\lwjgl64.dll
0x000000000c150000 - 0x000000000c1ac000 	C:\Users\Diego\AppData\Local\Temp\libgdxDiego\553733341\OpenAL64.dll
0x000007fdd7040000 - 0x000007fdd70d6000 	C:\WINDOWS\SYSTEM32\SHCORE.dll
0x000007fddad10000 - 0x000007fddada6000 	C:\WINDOWS\SYSTEM32\clbcatq.dll
0x000007fdd4690000 - 0x000007fdd46f2000 	C:\WINDOWS\System32\MMDevApi.dll
0x000007fdcb570000 - 0x000007fdcb5fb000 	C:\WINDOWS\SYSTEM32\dsound.dll
0x000007fdd2510000 - 0x000007fdd2582000 	C:\WINDOWS\SYSTEM32\AUDIOSES.DLL
0x000007fdccd00000 - 0x000007fdcce63000 	C:\WINDOWS\SYSTEM32\dbghelp.dll

VM Arguments:
jvm_args: -Dfile.encoding=Cp1252 
java_command: Application.Desktop
Launcher Type: SUN_STANDARD

Environment Variables:
PATH=C:\Program Files (x86)\NVIDIA Corporation\PhysX\Common;C:\WINDOWS\system32;C:\WINDOWS;C:\WINDOWS\System32\Wbem;C:\WINDOWS\System32\WindowsPowerShell\v1.0\;C:\Program Files (x86)\Java\jre7\bin
USERNAME=Diego
OS=Windows_NT
PROCESSOR_IDENTIFIER=Intel64 Family 6 Model 23 Stepping 10, GenuineIntel



---------------  S Y S T E M  ---------------

OS: Windows 8 , 64 bit Build 9200 

CPU:total 2 (2 cores per cpu, 1 threads per core) family 6 model 23 stepping 10, cmov, cx8, fxsr, mmx, sse, sse2, sse3, ssse3, sse4.1, tsc

Memory: 4k page, physical 4193552k(1621108k free), swap 8387856k(4478476k free)

vm_info: Java HotSpot(TM) 64-Bit Server VM (23.6-b04) for windows-amd64 JRE (1.7.0_11-b21), built on Jan 12 2013 02:38:42 by "java_re" with unknown MS VC++:1600

time: Mon Jan 14 20:02:11 2013
elapsed time: 1 seconds

