#
# A fatal error has been detected by the Java Runtime Environment:
#
#  EXCEPTION_ACCESS_VIOLATION (0xc0000005) at pc=0x000000000bfe17c0, pid=3016, tid=2264
#
# JRE version: 7.0_11-b21
# Java VM: Java HotSpot(TM) 64-Bit Server VM (23.6-b04 mixed mode windows-amd64 compressed oops)
# Problematic frame:
# C  [OpenAL64.dll+0x117c0]  alcRenderSamplesSOFT+0x4fc
#
# Failed to write core dump. Minidumps are not enabled by default on client versions of Windows
#
# If you would like to submit a bug report, please visit:
#   http://bugreport.sun.com/bugreport/crash.jsp
# The crash happened outside the Java Virtual Machine in native code.
# See problematic frame for where to report the bug.
#

---------------  T H R E A D  ---------------

Current thread (0x0000000009f46000):  JavaThread "AWT-EventQueue-0" [_thread_in_native, id=2264, stack(0x000000000a9b0000,0x000000000aab0000)]

siginfo: ExceptionCode=0xc0000005, reading address 0x000000000a140004

Registers:
RAX=0x0000000000000004, RBX=0x000000000cd30080, RCX=0x000000000cd30080, RDX=0x000000000a13ae9c
RSP=0x000000000aaae0f0, RBP=0x00000000000000ff, RSI=0x0000000000001f40, RDI=0x000000000a13ae9c
R8 =0x000000000a140008, R9 =0x000000000a140004, R10=0x000000000000145a, R11=0x00000000580f2070
R12=0x0000000000000001, R13=0x0000000000001501, R14=0x0000000000001402, R15=0x0000000000000000
RIP=0x000000000bfe17c0, EFLAGS=0x0000000000010202

Top of Stack: (sp=0x000000000aaae0f0)
0x000000000aaae0f0:   0000000000000000 0000000000000000
0x000000000aaae100:   0000000009f46000 000000000aaae268
0x000000000aaae110:   00000000bb5fb628 0000000000000000
0x000000000aaae120:   0000000009f46000 00000000bb02edf8
0x000000000aaae130:   000000000a024140 0000000057fadc66
0x000000000aaae140:   0000000009f46000 000000000aaae268
0x000000000aaae150:   00000000bb5fb628 0000000000000000
0x000000000aaae160:   000000000a13ae9c 00000000bb02edf8
0x000000000aaae170:   000000000aaae230 000000000bfe1ddb
0x000000000aaae180:   000000000cd30080 000000000000ac44
0x000000000aaae190:   0000000000000004 0000000008bf13c8
0x000000000aaae1a0:   00000000029b6315 00000000029c23a8
0x000000000aaae1b0:   00000000bb5fb628 00000000bb5febf5
0x000000000aaae1c0:   000000000aaae200 00000000bb602118
0x000000000aaae1d0:   0000000000000000 00000000bb5fec10
0x000000000aaae1e0:   0000000009f46000 000000000aaae2f0 

Instructions: (pc=0x000000000bfe17c0)
0x000000000bfe17a0:   ec 41 81 39 03 00 02 00 75 0a 41 8b 00 89 84 24
0x000000000bfe17b0:   a0 00 00 00 49 83 c2 02 49 83 c0 08 4e 8d 0c 97
0x000000000bfe17c0:   45 39 39 0f 85 35 ff ff ff 44 38 7b 06 75 2c 4c
0x000000000bfe17d0:   8d 84 24 98 00 00 00 48 8d 15 5a af 02 00 33 c9 


Register to memory mapping:

RAX=0x0000000000000004 is an unknown value
RBX=0x000000000cd30080 is an unknown value
RCX=0x000000000cd30080 is an unknown value
RDX=0x000000000a13ae9c is an unknown value
RSP=0x000000000aaae0f0 is pointing into the stack for thread: 0x0000000009f46000
RBP=0x00000000000000ff is an unknown value
RSI=0x0000000000001f40 is an unknown value
RDI=0x000000000a13ae9c is an unknown value
R8 =0x000000000a140008 is an unknown value
R9 =0x000000000a140004 is an unknown value
R10=0x000000000000145a is an unknown value
R11=0x00000000580f2070 is an unknown value
R12=0x0000000000000001 is an unknown value
R13=0x0000000000001501 is an unknown value
R14=0x0000000000001402 is an unknown value
R15=0x0000000000000000 is an unknown value


Stack: [0x000000000a9b0000,0x000000000aab0000],  sp=0x000000000aaae0f0,  free space=1016k
Native frames: (J=compiled Java code, j=interpreted, Vv=VM code, C=native code)
C  [OpenAL64.dll+0x117c0]  alcRenderSamplesSOFT+0x4fc

Java frames: (J=compiled Java code, j=interpreted, Vv=VM code)
j  org.lwjgl.openal.ALC10.nalcCreateContext(JJ)J+0
j  org.lwjgl.openal.ALC10.alcCreateContext(Lorg/lwjgl/openal/ALCdevice;Ljava/nio/IntBuffer;)Lorg/lwjgl/openal/ALCcontext;+8
j  org.lwjgl.openal.AL.init(Ljava/lang/String;IIZZ)V+69
j  org.lwjgl.openal.AL.create(Ljava/lang/String;IIZZ)V+227
j  org.lwjgl.openal.AL.create(Ljava/lang/String;IIZ)V+5
j  org.lwjgl.openal.AL.create()V+6
j  com.badlogic.gdx.backends.openal.OpenALAudio.<init>(III)V+116
j  com.badlogic.gdx.backends.jogl.JoglApplication.initialize(Lcom/badlogic/gdx/ApplicationListener;Lcom/badlogic/gdx/backends/jogl/JoglApplicationConfiguration;)V+49
j  com.badlogic.gdx.backends.jogl.JoglApplication$1.run()V+12
j  java.awt.event.InvocationEvent.dispatch()V+11
j  java.awt.EventQueue.dispatchEventImpl(Ljava/awt/AWTEvent;Ljava/lang/Object;)V+21
j  java.awt.EventQueue.access$200(Ljava/awt/EventQueue;Ljava/awt/AWTEvent;Ljava/lang/Object;)V+3
j  java.awt.EventQueue$3.run()Ljava/lang/Void;+12
j  java.awt.EventQueue$3.run()Ljava/lang/Object;+1
v  ~StubRoutines::call_stub
j  java.security.AccessController.doPrivileged(Ljava/security/PrivilegedAction;Ljava/security/AccessControlContext;)Ljava/lang/Object;+0
j  java.security.ProtectionDomain$1.doIntersectionPrivilege(Ljava/security/PrivilegedAction;Ljava/security/AccessControlContext;Ljava/security/AccessControlContext;)Ljava/lang/Object;+28
j  java.awt.EventQueue.dispatchEvent(Ljava/awt/AWTEvent;)V+46
j  java.awt.EventDispatchThread.pumpOneEventForFilters(I)V+245
j  java.awt.EventDispatchThread.pumpEventsForFilter(ILjava/awt/Conditional;Ljava/awt/EventFilter;)V+35
j  java.awt.EventDispatchThread.pumpEventsForHierarchy(ILjava/awt/Conditional;Ljava/awt/Component;)V+11
j  java.awt.EventDispatchThread.pumpEvents(ILjava/awt/Conditional;)V+4
j  java.awt.EventDispatchThread.pumpEvents(Ljava/awt/Conditional;)V+3
j  java.awt.EventDispatchThread.run()V+9
v  ~StubRoutines::call_stub

---------------  P R O C E S S  ---------------

Java Threads: ( => current thread )
=>0x0000000009f46000 JavaThread "AWT-EventQueue-0" [_thread_in_native, id=2264, stack(0x000000000a9b0000,0x000000000aab0000)]
  0x0000000009f45800 JavaThread "AWT-Windows" daemon [_thread_in_native, id=6608, stack(0x000000000a610000,0x000000000a710000)]
  0x0000000009f44800 JavaThread "AWT-Shutdown" [_thread_blocked, id=2032, stack(0x000000000a510000,0x000000000a610000)]
  0x000000000a03c800 JavaThread "Java2D Disposer" daemon [_thread_blocked, id=4700, stack(0x000000000a410000,0x000000000a510000)]
  0x0000000008b87000 JavaThread "Service Thread" daemon [_thread_blocked, id=700, stack(0x0000000009d10000,0x0000000009e10000)]
  0x0000000008b86800 JavaThread "C2 CompilerThread1" daemon [_thread_blocked, id=6388, stack(0x0000000009c10000,0x0000000009d10000)]
  0x0000000008b7a000 JavaThread "C2 CompilerThread0" daemon [_thread_blocked, id=5128, stack(0x0000000009b10000,0x0000000009c10000)]
  0x0000000008b78800 JavaThread "Attach Listener" daemon [_thread_blocked, id=1216, stack(0x0000000009a10000,0x0000000009b10000)]
  0x0000000008b75000 JavaThread "Signal Dispatcher" daemon [_thread_blocked, id=5304, stack(0x0000000009910000,0x0000000009a10000)]
  0x0000000008b10800 JavaThread "Finalizer" daemon [_thread_blocked, id=744, stack(0x0000000009810000,0x0000000009910000)]
  0x0000000008b08800 JavaThread "Reference Handler" daemon [_thread_blocked, id=6824, stack(0x0000000009710000,0x0000000009810000)]
  0x00000000029ad800 JavaThread "main" [_thread_blocked, id=3720, stack(0x0000000002660000,0x0000000002760000)]

Other Threads:
  0x0000000008afe800 VMThread [stack: 0x0000000009610000,0x0000000009710000] [id=5004]
  0x0000000008b94000 WatcherThread [stack: 0x0000000009e10000,0x0000000009f10000] [id=4780]

VM state:not at safepoint (normal execution)

VM Mutex/Monitor currently owned by a thread: None

Heap
 PSYoungGen      total 19136K, used 6549K [0x00000000eaab0000, 0x00000000ec000000, 0x0000000100000000)
  eden space 16448K, 39% used [0x00000000eaab0000,0x00000000eb115460,0x00000000ebac0000)
  from space 2688K, 0% used [0x00000000ebd60000,0x00000000ebd60000,0x00000000ec000000)
  to   space 2688K, 0% used [0x00000000ebac0000,0x00000000ebac0000,0x00000000ebd60000)
 ParOldGen       total 43712K, used 0K [0x00000000c0000000, 0x00000000c2ab0000, 0x00000000eaab0000)
  object space 43712K, 0% used [0x00000000c0000000,0x00000000c0000000,0x00000000c2ab0000)
 PSPermGen       total 21248K, used 8232K [0x00000000bae00000, 0x00000000bc2c0000, 0x00000000c0000000)
  object space 21248K, 38% used [0x00000000bae00000,0x00000000bb60a258,0x00000000bc2c0000)

Card table byte_map: [0x00000000059b0000,0x0000000005be0000] byte_map_base: 0x00000000053d9000

Polling page: 0x0000000000e70000

Code Cache  [0x00000000029b0000, 0x0000000002c20000, 0x00000000059b0000)
 total_blobs=498 nmethods=15 adapters=435 free_code_cache=48577Kb largest_free_block=49727936

Compilation events (10 events):
Event: 1.243 Thread 0x0000000008b86800   10             java.lang.Object::<init> (1 bytes)
Event: 1.244 Thread 0x0000000008b86800 nmethod 10 0x0000000002a1cc90 code [0x0000000002a1cdc0, 0x0000000002a1ce38]
Event: 1.292 Thread 0x0000000008b86800   11             java.lang.String::startsWith (72 bytes)
Event: 1.295 Thread 0x0000000008b86800 nmethod 11 0x0000000002a212d0 code [0x0000000002a21420, 0x0000000002a215b8]
Event: 1.520 Thread 0x0000000008b7a000   12             sun.net.www.ParseUtil::encodePath (336 bytes)
Event: 1.546 Thread 0x0000000008b7a000 nmethod 12 0x0000000002a40210 code [0x0000000002a40440, 0x0000000002a41498]
Event: 1.582 Thread 0x0000000008b86800   14             java.io.Win32FileSystem::normalize (143 bytes)
Event: 1.590 Thread 0x0000000008b86800 nmethod 14 0x0000000002a3c810 code [0x0000000002a3c980, 0x0000000002a3cc70]
Event: 1.898 Thread 0x0000000008b7a000   15             java.lang.String::length (6 bytes)
Event: 1.899 Thread 0x0000000008b7a000 nmethod 15 0x0000000002a3d8d0 code [0x0000000002a3da00, 0x0000000002a3da58]

GC Heap History (0 events):
No events

Deoptimization events (2 events):
Event: 0.564 Thread 0x00000000029ad800 Uncommon trap -34 fr.pc 0x0000000002a0fce4
Event: 1.595 Thread 0x0000000009f46000 Uncommon trap -12 fr.pc 0x0000000002a194cc

Internal exceptions (10 events):
Event: 1.894 Thread 0x0000000009f46000 Threw 0x00000000eb0c3810 at C:\jdk7u1_64p\jdk7u11\hotspot\src\share\vm\prims\jvm.cpp:1166
Event: 1.896 Thread 0x0000000009f46000 Threw 0x00000000eb0c9b68 at C:\jdk7u1_64p\jdk7u11\hotspot\src\share\vm\prims\jvm.cpp:1166
Event: 1.898 Thread 0x0000000009f46000 Threw 0x00000000eb0d3400 at C:\jdk7u1_64p\jdk7u11\hotspot\src\share\vm\prims\jvm.cpp:1166
Event: 1.899 Thread 0x0000000009f46000 Threw 0x00000000eb0d5f58 at C:\jdk7u1_64p\jdk7u11\hotspot\src\share\vm\prims\jvm.cpp:1166
Event: 1.900 Thread 0x0000000009f46000 Threw 0x00000000eb0dbdc8 at C:\jdk7u1_64p\jdk7u11\hotspot\src\share\vm\prims\jvm.cpp:1166
Event: 1.901 Thread 0x0000000009f46000 Threw 0x00000000eb0de600 at C:\jdk7u1_64p\jdk7u11\hotspot\src\share\vm\prims\jvm.cpp:1166
Event: 1.913 Thread 0x0000000009f46000 Threw 0x00000000eb0e2078 at C:\jdk7u1_64p\jdk7u11\hotspot\src\share\vm\prims\jvm.cpp:1166
Event: 1.915 Thread 0x0000000009f46000 Threw 0x00000000eb0e5668 at C:\jdk7u1_64p\jdk7u11\hotspot\src\share\vm\prims\jvm.cpp:1166
Event: 1.917 Thread 0x0000000009f46000 Threw 0x00000000eb0e8790 at C:\jdk7u1_64p\jdk7u11\hotspot\src\share\vm\prims\jvm.cpp:1166
Event: 1.917 Thread 0x0000000009f46000 Threw 0x00000000eb0eba20 at C:\jdk7u1_64p\jdk7u11\hotspot\src\share\vm\prims\jvm.cpp:1166

Events (10 events):
Event: 1.913 loading class 0x000000000a13afa0
Event: 1.913 loading class 0x000000000a13afa0 done
Event: 1.915 loading class 0x000000000a137a90
Event: 1.915 loading class 0x000000000a137a90 done
Event: 1.915 loading class 0x0000000008b6f330
Event: 1.916 loading class 0x0000000008b6f330 done
Event: 1.916 loading class 0x000000000a13a910
Event: 1.916 loading class 0x000000000a13a910 done
Event: 1.917 loading class 0x000000000a1c2070
Event: 1.917 loading class 0x000000000a1c2070 done


Dynamic libraries:
0x000007f6abb00000 - 0x000007f6abb33000 	C:\Program Files\Java\jre7\bin\javaw.exe
0x000007fddaf50000 - 0x000007fddb10e000 	C:\WINDOWS\SYSTEM32\ntdll.dll
0x0000000059380000 - 0x00000000593ca000 	C:\Program Files\AVAST Software\Avast\snxhk64.dll
0x000007fdd8cb0000 - 0x000007fdd8de6000 	C:\WINDOWS\system32\KERNEL32.dll
0x000007fdd7f50000 - 0x000007fdd8043000 	C:\WINDOWS\system32\KERNELBASE.dll
0x000007fddac10000 - 0x000007fddacee000 	C:\WINDOWS\system32\ADVAPI32.dll
0x000007fdda830000 - 0x000007fdda97c000 	C:\WINDOWS\system32\USER32.dll
0x000007fdd5f40000 - 0x000007fdd61a9000 	C:\WINDOWS\WinSxS\amd64_microsoft.windows.common-controls_6595b64144ccf1df_6.0.9200.16384_none_418c2a697189c07f\COMCTL32.dll
0x000007fdd8990000 - 0x000007fdd8a35000 	C:\WINDOWS\system32\msvcrt.dll
0x000007fdda0e0000 - 0x000007fdda128000 	C:\WINDOWS\SYSTEM32\sechost.dll
0x000007fdda290000 - 0x000007fdda3d0000 	C:\WINDOWS\system32\RPCRT4.dll
0x000007fddadb0000 - 0x000007fddaef0000 	C:\WINDOWS\system32\GDI32.dll
0x000007fdda7f0000 - 0x000007fdda829000 	C:\WINDOWS\system32\IMM32.DLL
0x000007fdd8870000 - 0x000007fdd8984000 	C:\WINDOWS\system32\MSCTF.dll
0x0000000058650000 - 0x0000000058721000 	C:\Program Files\Java\jre7\bin\msvcr100.dll
0x0000000057f30000 - 0x000000005864f000 	C:\Program Files\Java\jre7\bin\server\jvm.dll
0x000007fdcc640000 - 0x000007fdcc649000 	C:\WINDOWS\SYSTEM32\WSOCK32.dll
0x000007fdd61b0000 - 0x000007fdd61d0000 	C:\WINDOWS\SYSTEM32\WINMM.dll
0x000007fdd8a40000 - 0x000007fdd8a47000 	C:\WINDOWS\system32\PSAPI.DLL
0x000007fdd8c00000 - 0x000007fdd8c58000 	C:\WINDOWS\system32\WS2_32.dll
0x000007fdd5d50000 - 0x000007fdd5d82000 	C:\WINDOWS\SYSTEM32\WINMMBASE.dll
0x000007fdda980000 - 0x000007fdda989000 	C:\WINDOWS\system32\NSI.dll
0x0000000059150000 - 0x000000005915f000 	C:\Program Files\Java\jre7\bin\verify.dll
0x0000000059120000 - 0x0000000059148000 	C:\Program Files\Java\jre7\bin\java.dll
0x0000000059100000 - 0x0000000059115000 	C:\Program Files\Java\jre7\bin\zip.dll
0x0000000057d70000 - 0x0000000057f03000 	C:\Program Files\Java\jre7\bin\awt.dll
0x000007fdda990000 - 0x000007fddaa53000 	C:\WINDOWS\system32\OLEAUT32.dll
0x000007fddaa60000 - 0x000007fddac10000 	C:\WINDOWS\system32\combase.dll
0x000007fdd22f0000 - 0x000007fdd238f000 	C:\WINDOWS\system32\apphelp.dll
0x000007fdd6c80000 - 0x000007fdd6d63000 	C:\WINDOWS\system32\uxtheme.dll
0x0000004500000000 - 0x0000004500017000 	C:\Program Files (x86)\TeamViewer\Version7\tv_x64.dll
0x000007fdd8df0000 - 0x000007fdda0d5000 	C:\WINDOWS\system32\SHELL32.dll
0x000007fdda600000 - 0x000007fdda77e000 	C:\WINDOWS\system32\ole32.dll
0x000007fdd8c60000 - 0x000007fdd8cb0000 	C:\WINDOWS\system32\SHLWAPI.dll
0x000007fdd6400000 - 0x000007fdd6421000 	C:\WINDOWS\SYSTEM32\dwmapi.dll
0x000007fdd7cc0000 - 0x000007fdd7cca000 	C:\WINDOWS\SYSTEM32\CRYPTBASE.dll
0x000007fdd7c60000 - 0x000007fdd7cbc000 	C:\WINDOWS\SYSTEM32\bcryptPrimitives.dll
0x000000006b980000 - 0x000000006ba52000 	C:\Users\Diego\AppData\Local\Temp\libgdxDiego\553733341\gdx64.dll
0x0000000058ba0000 - 0x0000000058ba7000 	C:\Program Files\Java\jre7\bin\jawt.dll
0x0000000010000000 - 0x0000000010007000 	C:\Users\Diego\AppData\Local\Temp\libgdxDiego\553733341\gluegen-rt-win64.dll
0x0000000058ad0000 - 0x0000000058b99000 	C:\WINDOWS\WinSxS\amd64_microsoft.vc80.crt_1fc8b3b9a1e18e3b_8.0.50727.6910_none_88dc8c812fb1ba3f\MSVCR80.dll
0x00000000010b0000 - 0x00000000010b7000 	C:\Users\Diego\AppData\Local\Temp\libgdxDiego\553733341\jogl_awt-win64.dll
0x000000000aab0000 - 0x000000000ab0a000 	C:\Users\Diego\AppData\Local\Temp\libgdxDiego\553733341\jogl-win64.dll
0x000007fdcb5d0000 - 0x000007fdcb6ef000 	C:\WINDOWS\SYSTEM32\OPENGL32.dll
0x000007fdd23c0000 - 0x000007fdd23ec000 	C:\WINDOWS\SYSTEM32\GLU32.dll
0x000007fdcb440000 - 0x000007fdcb52a000 	C:\WINDOWS\SYSTEM32\DDRAW.dll
0x000007fdd4e80000 - 0x000007fdd4e88000 	C:\WINDOWS\SYSTEM32\DCIMAN32.dll
0x000007fdca400000 - 0x000007fdca600000 	C:\WINDOWS\system32\d3d9.dll
0x000007fdd5890000 - 0x000007fdd5899000 	C:\WINDOWS\SYSTEM32\VERSION.dll
0x000007fdbd4b0000 - 0x000007fdbe5e7000 	C:\WINDOWS\SYSTEM32\nvd3dumx.dll
0x000007fdd7e20000 - 0x000007fdd7e63000 	C:\WINDOWS\SYSTEM32\powrprof.dll
0x0000000180000000 - 0x0000000180139000 	C:\Program Files (x86)\NVIDIA Corporation\3D Vision\nvSCPAPI64.dll
0x000007fdd86a0000 - 0x000007fdd8870000 	C:\WINDOWS\system32\SETUPAPI.dll
0x000007fdd8050000 - 0x000007fdd809f000 	C:\WINDOWS\system32\CFGMGR32.dll
0x000007fdd8390000 - 0x000007fdd83b2000 	C:\WINDOWS\system32\DEVOBJ.dll
0x000000000bf50000 - 0x000000000bf9f000 	C:\Users\Diego\AppData\Local\Temp\libgdxDiego\553733341\lwjgl64.dll
0x000000000bfd0000 - 0x000000000c02c000 	C:\Users\Diego\AppData\Local\Temp\libgdxDiego\553733341\OpenAL64.dll
0x000007fdd7040000 - 0x000007fdd70d6000 	C:\WINDOWS\SYSTEM32\SHCORE.dll
0x000007fddad10000 - 0x000007fddada6000 	C:\WINDOWS\SYSTEM32\clbcatq.dll
0x000007fdd4690000 - 0x000007fdd46f2000 	C:\WINDOWS\System32\MMDevApi.dll
0x000007fdcee50000 - 0x000007fdceedb000 	C:\WINDOWS\SYSTEM32\dsound.dll
0x000007fdd2510000 - 0x000007fdd2582000 	C:\WINDOWS\SYSTEM32\AUDIOSES.DLL
0x000007fdccd00000 - 0x000007fdcce63000 	C:\WINDOWS\SYSTEM32\dbghelp.dll

VM Arguments:
jvm_args: -Dfile.encoding=Cp1252 
java_command: Application.Desktop
Launcher Type: SUN_STANDARD

Environment Variables:
PATH=C:\Program Files (x86)\NVIDIA Corporation\PhysX\Common;C:\WINDOWS\system32;C:\WINDOWS;C:\WINDOWS\System32\Wbem;C:\WINDOWS\System32\WindowsPowerShell\v1.0\;C:\Program Files (x86)\Java\jre7\bin
USERNAME=Diego
OS=Windows_NT
PROCESSOR_IDENTIFIER=Intel64 Family 6 Model 23 Stepping 10, GenuineIntel



---------------  S Y S T E M  ---------------

OS: Windows 8 , 64 bit Build 9200 

CPU:total 2 (2 cores per cpu, 1 threads per core) family 6 model 23 stepping 10, cmov, cx8, fxsr, mmx, sse, sse2, sse3, ssse3, sse4.1, tsc

Memory: 4k page, physical 4193552k(1578536k free), swap 8387856k(4813520k free)

vm_info: Java HotSpot(TM) 64-Bit Server VM (23.6-b04) for windows-amd64 JRE (1.7.0_11-b21), built on Jan 12 2013 02:38:42 by "java_re" with unknown MS VC++:1600

time: Mon Jan 14 19:10:50 2013
elapsed time: 2 seconds

