#
# A fatal error has been detected by the Java Runtime Environment:
#
#  EXCEPTION_ACCESS_VIOLATION (0xc0000005) at pc=0x000000000c2417c0, pid=2824, tid=6068
#
# JRE version: 7.0_11-b21
# Java VM: Java HotSpot(TM) 64-Bit Server VM (23.6-b04 mixed mode windows-amd64 compressed oops)
# Problematic frame:
# C  [OpenAL64.dll+0x117c0]  alcRenderSamplesSOFT+0x4fc
#
# Failed to write core dump. Minidumps are not enabled by default on client versions of Windows
#
# If you would like to submit a bug report, please visit:
#   http://bugreport.sun.com/bugreport/crash.jsp
# The crash happened outside the Java Virtual Machine in native code.
# See problematic frame for where to report the bug.
#

---------------  T H R E A D  ---------------

Current thread (0x000000000a1db800):  JavaThread "AWT-EventQueue-0" [_thread_in_native, id=6068, stack(0x000000000ac00000,0x000000000ad00000)]

siginfo: ExceptionCode=0xc0000005, reading address 0x000000000a30d004

Registers:
RAX=0x0000000000000004, RBX=0x000000000ccf0080, RCX=0x000000000ccf0080, RDX=0x000000000a309b3c
RSP=0x000000000acfdc50, RBP=0x00000000000000ff, RSI=0x0000000000001f40, RDI=0x000000000a309b3c
R8 =0x000000000a30d008, R9 =0x000000000a30d004, R10=0x0000000000000d32, R11=0x00000000580f2070
R12=0x0000000000000001, R13=0x0000000000001501, R14=0x0000000000001402, R15=0x0000000000000000
RIP=0x000000000c2417c0, EFLAGS=0x0000000000010202

Top of Stack: (sp=0x000000000acfdc50)
0x000000000acfdc50:   0000000000000000 0000000000000000
0x000000000acfdc60:   000000000a1db800 000000000acfddc8
0x000000000acfdc70:   00000000bb5fb628 0000000000000000
0x000000000acfdc80:   000000000a1db800 00000000bb02edf8
0x000000000acfdc90:   000000000a1ff990 0000000057fadc66
0x000000000acfdca0:   000000000a1db800 000000000acfddc8
0x000000000acfdcb0:   00000000bb5fb628 0000000000000000
0x000000000acfdcc0:   000000000a309b3c 00000000bb02edf8
0x000000000acfdcd0:   000000000acfdd90 000000000c241ddb
0x000000000acfdce0:   000000000ccf0080 000000000000ac44
0x000000000acfdcf0:   0000000000000004 0000000008da06e8
0x000000000acfdd00:   0000000002a76315 0000000002a823a8
0x000000000acfdd10:   00000000bb5fb628 00000000bb5febf5
0x000000000acfdd20:   000000000acfdd60 00000000bb602118
0x000000000acfdd30:   0000000000000000 00000000bb5fec10
0x000000000acfdd40:   000000000a1db800 000000000acfde50 

Instructions: (pc=0x000000000c2417c0)
0x000000000c2417a0:   ec 41 81 39 03 00 02 00 75 0a 41 8b 00 89 84 24
0x000000000c2417b0:   a0 00 00 00 49 83 c2 02 49 83 c0 08 4e 8d 0c 97
0x000000000c2417c0:   45 39 39 0f 85 35 ff ff ff 44 38 7b 06 75 2c 4c
0x000000000c2417d0:   8d 84 24 98 00 00 00 48 8d 15 5a af 02 00 33 c9 


Register to memory mapping:

RAX=0x0000000000000004 is an unknown value
RBX=0x000000000ccf0080 is an unknown value
RCX=0x000000000ccf0080 is an unknown value
RDX=0x000000000a309b3c is an unknown value
RSP=0x000000000acfdc50 is pointing into the stack for thread: 0x000000000a1db800
RBP=0x00000000000000ff is an unknown value
RSI=0x0000000000001f40 is an unknown value
RDI=0x000000000a309b3c is an unknown value
R8 =0x000000000a30d008 is an unknown value
R9 =0x000000000a30d004 is an unknown value
R10=0x0000000000000d32 is an unknown value
R11=0x00000000580f2070 is an unknown value
R12=0x0000000000000001 is an unknown value
R13=0x0000000000001501 is an unknown value
R14=0x0000000000001402 is an unknown value
R15=0x0000000000000000 is an unknown value


Stack: [0x000000000ac00000,0x000000000ad00000],  sp=0x000000000acfdc50,  free space=1015k
Native frames: (J=compiled Java code, j=interpreted, Vv=VM code, C=native code)
C  [OpenAL64.dll+0x117c0]  alcRenderSamplesSOFT+0x4fc

Java frames: (J=compiled Java code, j=interpreted, Vv=VM code)
j  org.lwjgl.openal.ALC10.nalcCreateContext(JJ)J+0
j  org.lwjgl.openal.ALC10.alcCreateContext(Lorg/lwjgl/openal/ALCdevice;Ljava/nio/IntBuffer;)Lorg/lwjgl/openal/ALCcontext;+8
j  org.lwjgl.openal.AL.init(Ljava/lang/String;IIZZ)V+69
j  org.lwjgl.openal.AL.create(Ljava/lang/String;IIZZ)V+227
j  org.lwjgl.openal.AL.create(Ljava/lang/String;IIZ)V+5
j  org.lwjgl.openal.AL.create()V+6
j  com.badlogic.gdx.backends.openal.OpenALAudio.<init>(III)V+116
j  com.badlogic.gdx.backends.jogl.JoglApplication.initialize(Lcom/badlogic/gdx/ApplicationListener;Lcom/badlogic/gdx/backends/jogl/JoglApplicationConfiguration;)V+49
j  com.badlogic.gdx.backends.jogl.JoglApplication$1.run()V+12
j  java.awt.event.InvocationEvent.dispatch()V+11
j  java.awt.EventQueue.dispatchEventImpl(Ljava/awt/AWTEvent;Ljava/lang/Object;)V+21
j  java.awt.EventQueue.access$200(Ljava/awt/EventQueue;Ljava/awt/AWTEvent;Ljava/lang/Object;)V+3
j  java.awt.EventQueue$3.run()Ljava/lang/Void;+12
j  java.awt.EventQueue$3.run()Ljava/lang/Object;+1
v  ~StubRoutines::call_stub
j  java.security.AccessController.doPrivileged(Ljava/security/PrivilegedAction;Ljava/security/AccessControlContext;)Ljava/lang/Object;+0
j  java.security.ProtectionDomain$1.doIntersectionPrivilege(Ljava/security/PrivilegedAction;Ljava/security/AccessControlContext;Ljava/security/AccessControlContext;)Ljava/lang/Object;+28
j  java.awt.EventQueue.dispatchEvent(Ljava/awt/AWTEvent;)V+46
j  java.awt.EventDispatchThread.pumpOneEventForFilters(I)V+245
j  java.awt.EventDispatchThread.pumpEventsForFilter(ILjava/awt/Conditional;Ljava/awt/EventFilter;)V+35
j  java.awt.EventDispatchThread.pumpEventsForHierarchy(ILjava/awt/Conditional;Ljava/awt/Component;)V+11
j  java.awt.EventDispatchThread.pumpEvents(ILjava/awt/Conditional;)V+4
j  java.awt.EventDispatchThread.pumpEvents(Ljava/awt/Conditional;)V+3
j  java.awt.EventDispatchThread.run()V+9
v  ~StubRoutines::call_stub

---------------  P R O C E S S  ---------------

Java Threads: ( => current thread )
=>0x000000000a1db800 JavaThread "AWT-EventQueue-0" [_thread_in_native, id=6068, stack(0x000000000ac00000,0x000000000ad00000)]
  0x000000000a1da800 JavaThread "AWT-Windows" daemon [_thread_in_native, id=6348, stack(0x000000000a7d0000,0x000000000a8d0000)]
  0x000000000a1da000 JavaThread "AWT-Shutdown" [_thread_blocked, id=3988, stack(0x000000000a6d0000,0x000000000a7d0000)]
  0x000000000a1d9000 JavaThread "Java2D Disposer" daemon [_thread_blocked, id=2988, stack(0x000000000a5d0000,0x000000000a6d0000)]
  0x0000000008d3c000 JavaThread "Service Thread" daemon [_thread_blocked, id=3980, stack(0x0000000009ed0000,0x0000000009fd0000)]
  0x0000000008d33800 JavaThread "C2 CompilerThread1" daemon [_thread_blocked, id=2492, stack(0x0000000009dd0000,0x0000000009ed0000)]
  0x0000000008d2c800 JavaThread "C2 CompilerThread0" daemon [_thread_blocked, id=4192, stack(0x0000000009cd0000,0x0000000009dd0000)]
  0x0000000008d28800 JavaThread "Attach Listener" daemon [_thread_blocked, id=4600, stack(0x0000000009bd0000,0x0000000009cd0000)]
  0x0000000008d25000 JavaThread "Signal Dispatcher" daemon [_thread_blocked, id=5084, stack(0x0000000009ad0000,0x0000000009bd0000)]
  0x0000000008cc0800 JavaThread "Finalizer" daemon [_thread_blocked, id=5560, stack(0x00000000099d0000,0x0000000009ad0000)]
  0x0000000008cb8800 JavaThread "Reference Handler" daemon [_thread_blocked, id=6208, stack(0x00000000098d0000,0x00000000099d0000)]
  0x0000000000f6d800 JavaThread "main" [_thread_blocked, id=7104, stack(0x0000000002860000,0x0000000002960000)]

Other Threads:
  0x0000000008cae800 VMThread [stack: 0x00000000097d0000,0x00000000098d0000] [id=6228]
  0x0000000008d45000 WatcherThread [stack: 0x0000000009fd0000,0x000000000a0d0000] [id=6556]

VM state:not at safepoint (normal execution)

VM Mutex/Monitor currently owned by a thread: None

Heap
 PSYoungGen      total 19136K, used 6546K [0x00000000eaab0000, 0x00000000ec000000, 0x0000000100000000)
  eden space 16448K, 39% used [0x00000000eaab0000,0x00000000eb114be8,0x00000000ebac0000)
  from space 2688K, 0% used [0x00000000ebd60000,0x00000000ebd60000,0x00000000ec000000)
  to   space 2688K, 0% used [0x00000000ebac0000,0x00000000ebac0000,0x00000000ebd60000)
 ParOldGen       total 43712K, used 0K [0x00000000c0000000, 0x00000000c2ab0000, 0x00000000eaab0000)
  object space 43712K, 0% used [0x00000000c0000000,0x00000000c0000000,0x00000000c2ab0000)
 PSPermGen       total 21248K, used 8232K [0x00000000bae00000, 0x00000000bc2c0000, 0x00000000c0000000)
  object space 21248K, 38% used [0x00000000bae00000,0x00000000bb60a258,0x00000000bc2c0000)

Card table byte_map: [0x0000000005b30000,0x0000000005d60000] byte_map_base: 0x0000000005559000

Polling page: 0x0000000000fe0000

Code Cache  [0x0000000002a70000, 0x0000000002ce0000, 0x0000000005a70000)
 total_blobs=498 nmethods=15 adapters=435 free_code_cache=48577Kb largest_free_block=49729024

Compilation events (10 events):
Event: 0.665 Thread 0x0000000008d33800   10             java.lang.Object::<init> (1 bytes)
Event: 0.665 Thread 0x0000000008d33800 nmethod 10 0x0000000002adc9d0 code [0x0000000002adcb00, 0x0000000002adcb78]
Event: 0.741 Thread 0x0000000008d33800   11             java.lang.String::startsWith (72 bytes)
Event: 0.744 Thread 0x0000000008d33800 nmethod 11 0x0000000002ae1010 code [0x0000000002ae1160, 0x0000000002ae12f8]
Event: 1.006 Thread 0x0000000008d2c800   12             sun.net.www.ParseUtil::encodePath (336 bytes)
Event: 1.042 Thread 0x0000000008d2c800 nmethod 12 0x0000000002afc810 code [0x0000000002afca40, 0x0000000002afda98]
Event: 1.090 Thread 0x0000000008d33800   14             java.io.Win32FileSystem::normalize (143 bytes)
Event: 1.100 Thread 0x0000000008d33800 nmethod 14 0x0000000002b013d0 code [0x0000000002b01540, 0x0000000002b01830]
Event: 1.213 Thread 0x0000000008d2c800   15             java.lang.String::length (6 bytes)
Event: 1.214 Thread 0x0000000008d2c800 nmethod 15 0x0000000002afecd0 code [0x0000000002afee00, 0x0000000002afee58]

GC Heap History (0 events):
No events

Deoptimization events (2 events):
Event: 0.461 Thread 0x0000000000f6d800 Uncommon trap -34 fr.pc 0x0000000002ad3624
Event: 1.105 Thread 0x000000000a1db800 Uncommon trap -12 fr.pc 0x0000000002ad47cc

Internal exceptions (10 events):
Event: 1.204 Thread 0x000000000a1db800 Threw 0x00000000eb0bcec0 at C:\jdk7u1_64p\jdk7u11\hotspot\src\share\vm\prims\jvm.cpp:1166
Event: 1.208 Thread 0x000000000a1db800 Threw 0x00000000eb0c7ac0 at C:\jdk7u1_64p\jdk7u11\hotspot\src\share\vm\prims\jvm.cpp:1166
Event: 1.211 Thread 0x000000000a1db800 Threw 0x00000000eb0d1358 at C:\jdk7u1_64p\jdk7u11\hotspot\src\share\vm\prims\jvm.cpp:1166
Event: 1.213 Thread 0x000000000a1db800 Threw 0x00000000eb0d3eb0 at C:\jdk7u1_64p\jdk7u11\hotspot\src\share\vm\prims\jvm.cpp:1166
Event: 1.218 Thread 0x000000000a1db800 Threw 0x00000000eb0d9d20 at C:\jdk7u1_64p\jdk7u11\hotspot\src\share\vm\prims\jvm.cpp:1166
Event: 1.219 Thread 0x000000000a1db800 Threw 0x00000000eb0dc558 at C:\jdk7u1_64p\jdk7u11\hotspot\src\share\vm\prims\jvm.cpp:1166
Event: 1.233 Thread 0x000000000a1db800 Threw 0x00000000eb0dffd0 at C:\jdk7u1_64p\jdk7u11\hotspot\src\share\vm\prims\jvm.cpp:1166
Event: 1.235 Thread 0x000000000a1db800 Threw 0x00000000eb0e35c0 at C:\jdk7u1_64p\jdk7u11\hotspot\src\share\vm\prims\jvm.cpp:1166
Event: 1.237 Thread 0x000000000a1db800 Threw 0x00000000eb0e66e8 at C:\jdk7u1_64p\jdk7u11\hotspot\src\share\vm\prims\jvm.cpp:1166
Event: 1.238 Thread 0x000000000a1db800 Threw 0x00000000eb0e9978 at C:\jdk7u1_64p\jdk7u11\hotspot\src\share\vm\prims\jvm.cpp:1166

Events (10 events):
Event: 1.233 loading class 0x000000000a3093a0
Event: 1.233 loading class 0x000000000a3093a0 done
Event: 1.235 loading class 0x000000000a306af0
Event: 1.235 loading class 0x000000000a306af0 done
Event: 1.237 loading class 0x0000000008d23f50
Event: 1.237 loading class 0x0000000008d23f50 done
Event: 1.237 loading class 0x000000000a309700
Event: 1.237 loading class 0x000000000a309700 done
Event: 1.238 loading class 0x000000000a384a50
Event: 1.238 loading class 0x000000000a384a50 done


Dynamic libraries:
0x000007f6abb00000 - 0x000007f6abb33000 	C:\Program Files\Java\jre7\bin\javaw.exe
0x000007fddaf50000 - 0x000007fddb10e000 	C:\WINDOWS\SYSTEM32\ntdll.dll
0x0000000059380000 - 0x00000000593ca000 	C:\Program Files\AVAST Software\Avast\snxhk64.dll
0x000007fdd8cb0000 - 0x000007fdd8de6000 	C:\WINDOWS\system32\KERNEL32.dll
0x000007fdd7f50000 - 0x000007fdd8043000 	C:\WINDOWS\system32\KERNELBASE.dll
0x000007fddac10000 - 0x000007fddacee000 	C:\WINDOWS\system32\ADVAPI32.dll
0x000007fdda830000 - 0x000007fdda97c000 	C:\WINDOWS\system32\USER32.dll
0x000007fdd5f40000 - 0x000007fdd61a9000 	C:\WINDOWS\WinSxS\amd64_microsoft.windows.common-controls_6595b64144ccf1df_6.0.9200.16384_none_418c2a697189c07f\COMCTL32.dll
0x000007fdd8990000 - 0x000007fdd8a35000 	C:\WINDOWS\system32\msvcrt.dll
0x000007fdda0e0000 - 0x000007fdda128000 	C:\WINDOWS\SYSTEM32\sechost.dll
0x000007fdda290000 - 0x000007fdda3d0000 	C:\WINDOWS\system32\RPCRT4.dll
0x000007fddadb0000 - 0x000007fddaef0000 	C:\WINDOWS\system32\GDI32.dll
0x000007fdda7f0000 - 0x000007fdda829000 	C:\WINDOWS\system32\IMM32.DLL
0x000007fdd8870000 - 0x000007fdd8984000 	C:\WINDOWS\system32\MSCTF.dll
0x0000000058650000 - 0x0000000058721000 	C:\Program Files\Java\jre7\bin\msvcr100.dll
0x0000000057f30000 - 0x000000005864f000 	C:\Program Files\Java\jre7\bin\server\jvm.dll
0x000007fdcc640000 - 0x000007fdcc649000 	C:\WINDOWS\SYSTEM32\WSOCK32.dll
0x000007fdd61b0000 - 0x000007fdd61d0000 	C:\WINDOWS\SYSTEM32\WINMM.dll
0x000007fdd8a40000 - 0x000007fdd8a47000 	C:\WINDOWS\system32\PSAPI.DLL
0x000007fdd8c00000 - 0x000007fdd8c58000 	C:\WINDOWS\system32\WS2_32.dll
0x000007fdd5d50000 - 0x000007fdd5d82000 	C:\WINDOWS\SYSTEM32\WINMMBASE.dll
0x000007fdda980000 - 0x000007fdda989000 	C:\WINDOWS\system32\NSI.dll
0x0000000059150000 - 0x000000005915f000 	C:\Program Files\Java\jre7\bin\verify.dll
0x0000000059120000 - 0x0000000059148000 	C:\Program Files\Java\jre7\bin\java.dll
0x0000000059100000 - 0x0000000059115000 	C:\Program Files\Java\jre7\bin\zip.dll
0x0000000057d70000 - 0x0000000057f03000 	C:\Program Files\Java\jre7\bin\awt.dll
0x000007fdda990000 - 0x000007fddaa53000 	C:\WINDOWS\system32\OLEAUT32.dll
0x000007fddaa60000 - 0x000007fddac10000 	C:\WINDOWS\system32\combase.dll
0x000007fdd22f0000 - 0x000007fdd238f000 	C:\WINDOWS\system32\apphelp.dll
0x000007fdd6c80000 - 0x000007fdd6d63000 	C:\WINDOWS\system32\uxtheme.dll
0x0000004500000000 - 0x0000004500017000 	C:\Program Files (x86)\TeamViewer\Version7\tv_x64.dll
0x000007fdd8df0000 - 0x000007fdda0d5000 	C:\WINDOWS\system32\SHELL32.dll
0x000007fdda600000 - 0x000007fdda77e000 	C:\WINDOWS\system32\ole32.dll
0x000007fdd8c60000 - 0x000007fdd8cb0000 	C:\WINDOWS\system32\SHLWAPI.dll
0x000007fdd6400000 - 0x000007fdd6421000 	C:\WINDOWS\SYSTEM32\dwmapi.dll
0x000007fdd7cc0000 - 0x000007fdd7cca000 	C:\WINDOWS\SYSTEM32\CRYPTBASE.dll
0x000007fdd7c60000 - 0x000007fdd7cbc000 	C:\WINDOWS\SYSTEM32\bcryptPrimitives.dll
0x000000006b980000 - 0x000000006ba52000 	C:\Users\Diego\AppData\Local\Temp\libgdxDiego\553733341\gdx64.dll
0x0000000058ba0000 - 0x0000000058ba7000 	C:\Program Files\Java\jre7\bin\jawt.dll
0x0000000010000000 - 0x0000000010007000 	C:\Users\Diego\AppData\Local\Temp\libgdxDiego\553733341\gluegen-rt-win64.dll
0x0000000058ad0000 - 0x0000000058b99000 	C:\WINDOWS\WinSxS\amd64_microsoft.vc80.crt_1fc8b3b9a1e18e3b_8.0.50727.6910_none_88dc8c812fb1ba3f\MSVCR80.dll
0x000000000a950000 - 0x000000000a957000 	C:\Users\Diego\AppData\Local\Temp\libgdxDiego\553733341\jogl_awt-win64.dll
0x000000000ad00000 - 0x000000000ad5a000 	C:\Users\Diego\AppData\Local\Temp\libgdxDiego\553733341\jogl-win64.dll
0x000007fdcb5d0000 - 0x000007fdcb6ef000 	C:\WINDOWS\SYSTEM32\OPENGL32.dll
0x000007fdd23c0000 - 0x000007fdd23ec000 	C:\WINDOWS\SYSTEM32\GLU32.dll
0x000007fdcaa40000 - 0x000007fdcab2a000 	C:\WINDOWS\SYSTEM32\DDRAW.dll
0x000007fdd4e80000 - 0x000007fdd4e88000 	C:\WINDOWS\SYSTEM32\DCIMAN32.dll
0x000007fdca400000 - 0x000007fdca600000 	C:\WINDOWS\system32\d3d9.dll
0x000007fdd5890000 - 0x000007fdd5899000 	C:\WINDOWS\SYSTEM32\VERSION.dll
0x000007fdbd4b0000 - 0x000007fdbe5e7000 	C:\WINDOWS\SYSTEM32\nvd3dumx.dll
0x000007fdd7e20000 - 0x000007fdd7e63000 	C:\WINDOWS\SYSTEM32\powrprof.dll
0x0000000180000000 - 0x0000000180139000 	C:\Program Files (x86)\NVIDIA Corporation\3D Vision\nvSCPAPI64.dll
0x000007fdd86a0000 - 0x000007fdd8870000 	C:\WINDOWS\system32\SETUPAPI.dll
0x000007fdd8050000 - 0x000007fdd809f000 	C:\WINDOWS\system32\CFGMGR32.dll
0x000007fdd8390000 - 0x000007fdd83b2000 	C:\WINDOWS\system32\DEVOBJ.dll
0x000000000c1c0000 - 0x000000000c20f000 	C:\Users\Diego\AppData\Local\Temp\libgdxDiego\553733341\lwjgl64.dll
0x000000000c230000 - 0x000000000c28c000 	C:\Users\Diego\AppData\Local\Temp\libgdxDiego\553733341\OpenAL64.dll
0x000007fdd7040000 - 0x000007fdd70d6000 	C:\WINDOWS\SYSTEM32\SHCORE.dll
0x000007fddad10000 - 0x000007fddada6000 	C:\WINDOWS\SYSTEM32\clbcatq.dll
0x000007fdd4690000 - 0x000007fdd46f2000 	C:\WINDOWS\System32\MMDevApi.dll
0x000007fdcee50000 - 0x000007fdceedb000 	C:\WINDOWS\SYSTEM32\dsound.dll
0x000007fdd2510000 - 0x000007fdd2582000 	C:\WINDOWS\SYSTEM32\AUDIOSES.DLL
0x000007fdccd00000 - 0x000007fdcce63000 	C:\WINDOWS\SYSTEM32\dbghelp.dll

VM Arguments:
jvm_args: -Dfile.encoding=Cp1252 
java_command: Application.Desktop
Launcher Type: SUN_STANDARD

Environment Variables:
PATH=C:\Program Files (x86)\NVIDIA Corporation\PhysX\Common;C:\WINDOWS\system32;C:\WINDOWS;C:\WINDOWS\System32\Wbem;C:\WINDOWS\System32\WindowsPowerShell\v1.0\;C:\Program Files (x86)\Java\jre7\bin
USERNAME=Diego
OS=Windows_NT
PROCESSOR_IDENTIFIER=Intel64 Family 6 Model 23 Stepping 10, GenuineIntel



---------------  S Y S T E M  ---------------

OS: Windows 8 , 64 bit Build 9200 

CPU:total 2 (2 cores per cpu, 1 threads per core) family 6 model 23 stepping 10, cmov, cx8, fxsr, mmx, sse, sse2, sse3, ssse3, sse4.1, tsc

Memory: 4k page, physical 4193552k(1416228k free), swap 8387856k(4289608k free)

vm_info: Java HotSpot(TM) 64-Bit Server VM (23.6-b04) for windows-amd64 JRE (1.7.0_11-b21), built on Jan 12 2013 02:38:42 by "java_re" with unknown MS VC++:1600

time: Mon Jan 14 19:07:09 2013
elapsed time: 1 seconds

